Command: /workspaces/random/.venv/bin/python /workspaces/random/qiskit/qiskit_opt.py --n_servers 1 --n_vms 4 --capacities 11 --vm_allocation_limits 5,5,8,5 --pi_list 1.0 --pd_list 1.0

vm_allocation_limits : [5, 5, 8, 5]
sum(vm_alloc_limits) : 23 (need >= 10 for server_load)
 Feasibility pre-check passed — proceeding.

/workspaces/random/qiskit/qiskit_opt.py:208: DeprecationWarning: The method ``qiskit_optimization.problems.quadratic_program.QuadraticProgram.export_as_lp_string()`` is deprecated as of Qiskit 0.7.0. It will be removed no earlier than 3 months after the release date. Use prettyprint instead.
  print(qp.export_as_lp_string())
=== Quadratic Program (LP) ===
/workspaces/random/.venv/lib/python3.12/site-packages/scipy/sparse/linalg/_dsolve/linsolve.py:606: SparseEfficiencyWarning: splu converted its input to CSC format
  return splu(A).solve
/workspaces/random/.venv/lib/python3.12/site-packages/scipy/sparse/linalg/_matfuncs.py:707: SparseEfficiencyWarning: spsolve is more efficient when sparse b is in the CSC matrix format
  return spsolve(Q, P)
/workspaces/random/.venv/lib/python3.12/site-packages/scipy/sparse/_index.py:174: SparseEfficiencyWarning: Changing the sparsity structure of a csr_matrix is expensive. lil and dok are more efficient.
  self._set_intXint(row, col, x.flat[0])
/workspaces/random/qiskit/qiskit_opt.py:412: DeprecationWarning: The method ``qiskit_optimization.problems.quadratic_program.QuadraticProgram.export_as_lp_string()`` is deprecated as of Qiskit 0.7.0. It will be removed no earlier than 3 months after the release date. Use prettyprint instead.
  "qp_lp": qp.export_as_lp_string(),
\ This file has been generated by DOcplex
\ ENCODING=ISO-8859-1
\Problem name: qiskit_server

Minimize
 obj: si0 + [ 2 vj0i0*uj0 + 2 vj1i0*uj1 + 2 vj2i0*uj2 + 2 vj3i0*uj3 ]/2
Subject To
 cons_server_load_0: vj0i0 + vj1i0 + vj2i0 + vj3i0 >= 10
 cons_server_on_0: si0 = 1
 cons_vm_alloc_0: vj0i0 <= 5
 cons_vm_alloc_1: vj1i0 <= 5
 cons_vm_alloc_2: vj2i0 <= 8
 cons_vm_alloc_3: vj3i0 <= 5
 cons_min_cpu_vm_0: uj0 >= 1
 cons_min_cpu_vm_1: uj1 >= 1
 cons_min_cpu_vm_2: uj2 >= 1
 cons_min_cpu_vm_3: uj3 >= 1

Bounds
 0 <= si0 <= 1
 1 <= uj0
 1 <= uj1
 1 <= uj2
 1 <= uj3

Binaries
 si0
End



 CLASSICAL SOLUTION  (Exact QUBO + COBYLA)


ADMM compatibility: 
Time: 0.63s


 QUANTUM SOLUTION  (QAOA + COBYLA)


Time: 2.16s


 COMPARISON


Classical -> Objective: 10.9999 | Status: INFEASIBLE
Quantum   -> Objective: 10.9999 | Status: INFEASIBLE

Results saved to : q_20260615_102820_results.json
Chart saved to   : q_20260615_102820_results.png
