Command: /opt/anaconda3/bin/python /Users/lgandolfi/Desktop/AI/Github/Qiskit-QuantumComputing/MailProgettoTesi/11/qiskit_opt.py --n_servers 1 --n_vms 1 --capacities 11 --vm_allocation_limits 14 --pi_list 1.0 --pd_list 1.0

vm_allocation_limits : [14]
sum(vm_alloc_limits) : 14 (need >= 10 for server_load)
 Feasibility pre-check passed — proceeding.

/Users/lgandolfi/Desktop/AI/Github/Qiskit-QuantumComputing/MailProgettoTesi/11/qiskit_opt.py:219: DeprecationWarning: The method ``qiskit_optimization.problems.quadratic_program.QuadraticProgram.export_as_lp_string()`` is deprecated as of Qiskit 0.7.0. It will be removed no earlier than 3 months after the release date. Use prettyprint instead.
  print(qp.export_as_lp_string())
=== Quadratic Program (LP) ===
/opt/anaconda3/lib/python3.11/site-packages/scipy/sparse/linalg/_dsolve/linsolve.py:606: SparseEfficiencyWarning: splu converted its input to CSC format
  return splu(A).solve
/opt/anaconda3/lib/python3.11/site-packages/scipy/sparse/linalg/_matfuncs.py:707: SparseEfficiencyWarning: spsolve is more efficient when sparse b is in the CSC matrix format
  return spsolve(Q, P)
/opt/anaconda3/lib/python3.11/site-packages/scipy/sparse/_index.py:174: SparseEfficiencyWarning: Changing the sparsity structure of a csr_matrix is expensive. lil and dok are more efficient.
  self._set_intXint(row, col, x.flat[0])
/Users/lgandolfi/Desktop/AI/Github/Qiskit-QuantumComputing/MailProgettoTesi/11/qiskit_opt.py:414: DeprecationWarning: The method ``qiskit_optimization.problems.quadratic_program.QuadraticProgram.export_as_lp_string()`` is deprecated as of Qiskit 0.7.0. It will be removed no earlier than 3 months after the release date. Use prettyprint instead.
  "qp_lp": qp.export_as_lp_string(),
\ This file has been generated by DOcplex
\ ENCODING=ISO-8859-1
\Problem name: qiskit_server

Minimize
 obj: si0 + [ 2 vj0i0*uj0 ]/2
Subject To
 cons_server_load_0: vj0i0 >= 10
 cons_server_on_0: si0 = 1
 cons_vm_alloc_0: vj0i0 <= 14
 cons_min_cpu_vm_0: uj0 >= 1

Bounds
 0 <= si0 <= 1
 1 <= uj0

Binaries
 si0
End


============================================================
 CLASSICAL SOLUTION  (Exact QUBO + COBYLA)
============================================================
ADMM compatibility: 
Time: 0.08s

============================================================
 QUANTUM SOLUTION  (QAOA + COBYLA)
============================================================
Time: 1.26s

============================================================
 COMPARISON
============================================================
Classical -> Objective: 11.0000 | Status: SUCCESS
Quantum   -> Objective: 11.0000 | Status: SUCCESS

Results saved to : q_20260325_162226_results.json
Chart saved to   : q_20260325_162226_results.png
